SalesPlugin/build/outputs/logs/manifest-merger-debug-report.txt
-- Merging decision tree log ---
manifest
ADDED from 1_Sales_NNN\SalesPlugin\AndroidManifest.xml:2:1-62:12
	xmlns:android
		ADDED from 1_Sales_NNN\SalesPlugin\AndroidManifest.xml:2:11-69
	package
		ADDED from 1_Sales_NNN\SalesPlugin\AndroidManifest.xml:3:5-37
	android:versionName
		ADDED from 1_Sales_NNN\SalesPlugin\AndroidManifest.xml:6:5-30
		INJECTED from 1_Sales_NNN\SalesPlugin\AndroidManifest.xml
		INJECTED from 1_Sales_NNN\SalesPlugin\AndroidManifest.xml
	android:versionCode
		ADDED from 1_Sales_NNN\SalesPlugin\AndroidManifest.xml:5:5-28
		INJECTED from 1_Sales_NNN\SalesPlugin\AndroidManifest.xml
		INJECTED from 1_Sales_NNN\SalesPlugin\AndroidManifest.xml
	android:installLocation
		ADDED from 1_Sales_NNN\SalesPlugin\AndroidManifest.xml:4:5-43
uses-sdk
ADDED from 1_Sales_NNN\SalesPlugin\AndroidManifest.xml:8:5-10:41
MERGED from [1_Sales_NNN:SalesforceSDK:unspecified] AndroidManifest.xml:7:5-9:41
MERGED from [1_Sales_NNN:framework:unspecified] AndroidManifest.xml:25:5-44
MERGED from [com.android.support:multidex:1.0.1] AndroidManifest.xml:18:5-42
MERGED from [com.android.support:appcompat-v7:23.1.1] AndroidManifest.xml:20:5-43
MERGED from [com.android.support:support-v4:23.1.1] AndroidManifest.xml:20:5-43
	android:targetSdkVersion
		ADDED from 1_Sales_NNN\SalesPlugin\AndroidManifest.xml:10:9-38
	android:minSdkVersion
		ADDED from 1_Sales_NNN\SalesPlugin\AndroidManifest.xml:9:9-35
permission#io.smartface.salestest.C2D_MESSAGE
ADDED from 1_Sales_NNN\SalesPlugin\AndroidManifest.xml:17:5-19:47
	android:protectionLevel
		ADDED from 1_Sales_NNN\SalesPlugin\AndroidManifest.xml:19:9-44
	android:name
		ADDED from 1_Sales_NNN\SalesPlugin\AndroidManifest.xml:18:9-58
uses-permission#io.smartface.salestest.C2D_MESSAGE
ADDED from 1_Sales_NNN\SalesPlugin\AndroidManifest.xml:21:5-74
	android:name
		ADDED from 1_Sales_NNN\SalesPlugin\AndroidManifest.xml:21:22-71
uses-permission#android.permission.WRITE_EXTERNAL_STORAGE
ADDED from 1_Sales_NNN\SalesPlugin\AndroidManifest.xml:22:5-81
	android:name
		ADDED from 1_Sales_NNN\SalesPlugin\AndroidManifest.xml:22:22-78
uses-permission#android.permission.READ_PHONE_STATE
ADDED from 1_Sales_NNN\SalesPlugin\AndroidManifest.xml:23:5-75
	android:name
		ADDED from 1_Sales_NNN\SalesPlugin\AndroidManifest.xml:23:22-72
uses-permission#android.permission.READ_EXTERNAL_STORAGE
ADDED from 1_Sales_NNN\SalesPlugin\AndroidManifest.xml:24:5-80
	android:name
		ADDED from 1_Sales_NNN\SalesPlugin\AndroidManifest.xml:24:22-77
application
ADDED from 1_Sales_NNN\SalesPlugin\AndroidManifest.xml:26:5-60:19
MERGED from [1_Sales_NNN:SalesforceSDK:unspecified] AndroidManifest.xml:21:5-96:19
MERGED from [com.android.support:appcompat-v7:23.1.1] AndroidManifest.xml:22:5-20
MERGED from [com.android.support:support-v4:23.1.1] AndroidManifest.xml:22:5-20
	android:label
		ADDED from 1_Sales_NNN\SalesPlugin\AndroidManifest.xml:29:9-41
	android:icon
		ADDED from 1_Sales_NNN\SalesPlugin\AndroidManifest.xml:28:9-42
	android:manageSpaceActivity
		ADDED from 1_Sales_NNN\SalesPlugin\AndroidManifest.xml:30:9-87
	android:name
		ADDED from 1_Sales_NNN\SalesPlugin\AndroidManifest.xml:27:9-63
activity#io.smartface.salestest.SalesMainActivity
ADDED from 1_Sales_NNN\SalesPlugin\AndroidManifest.xml:45:9-49:20
	android:label
		ADDED from 1_Sales_NNN\SalesPlugin\AndroidManifest.xml:47:13-45
	android:theme
		ADDED from 1_Sales_NNN\SalesPlugin\AndroidManifest.xml:48:13-71
	android:name
		ADDED from 1_Sales_NNN\SalesPlugin\AndroidManifest.xml:46:13-46
activity#io.smartface.SmartfaceDemo.A
ADDED from 1_Sales_NNN\SalesPlugin\AndroidManifest.xml:50:9-59:20
	android:label
		ADDED from 1_Sales_NNN\SalesPlugin\AndroidManifest.xml:53:13-34
	android:theme
		ADDED from 1_Sales_NNN\SalesPlugin\AndroidManifest.xml:52:13-57
	android:name
		ADDED from 1_Sales_NNN\SalesPlugin\AndroidManifest.xml:51:13-56
intent-filter#android.intent.action.MAIN+android.intent.category.LAUNCHER
ADDED from 1_Sales_NNN\SalesPlugin\AndroidManifest.xml:54:13-58:29
action#android.intent.action.MAIN
ADDED from 1_Sales_NNN\SalesPlugin\AndroidManifest.xml:55:17-69
	android:name
		ADDED from 1_Sales_NNN\SalesPlugin\AndroidManifest.xml:55:25-66
category#android.intent.category.LAUNCHER
ADDED from 1_Sales_NNN\SalesPlugin\AndroidManifest.xml:57:17-77
	android:name
		ADDED from 1_Sales_NNN\SalesPlugin\AndroidManifest.xml:57:27-74
uses-permission#android.permission.ACCESS_NETWORK_STATE
ADDED from [1_Sales_NNN:SalesforceSDK:unspecified] AndroidManifest.xml:11:5-79
	android:name
		ADDED from [1_Sales_NNN:SalesforceSDK:unspecified] AndroidManifest.xml:11:22-76
uses-permission#android.permission.AUTHENTICATE_ACCOUNTS
ADDED from [1_Sales_NNN:SalesforceSDK:unspecified] AndroidManifest.xml:12:5-80
	android:name
		ADDED from [1_Sales_NNN:SalesforceSDK:unspecified] AndroidManifest.xml:12:22-77
uses-permission#android.permission.GET_ACCOUNTS
ADDED from [1_Sales_NNN:SalesforceSDK:unspecified] AndroidManifest.xml:13:5-71
	android:name
		ADDED from [1_Sales_NNN:SalesforceSDK:unspecified] AndroidManifest.xml:13:22-68
uses-permission#android.permission.INTERNET
ADDED from [1_Sales_NNN:SalesforceSDK:unspecified] AndroidManifest.xml:14:5-67
	android:name
		ADDED from [1_Sales_NNN:SalesforceSDK:unspecified] AndroidManifest.xml:14:22-64
uses-permission#android.permission.MANAGE_ACCOUNTS
ADDED from [1_Sales_NNN:SalesforceSDK:unspecified] AndroidManifest.xml:15:5-74
	android:name
		ADDED from [1_Sales_NNN:SalesforceSDK:unspecified] AndroidManifest.xml:15:22-71
uses-permission#android.permission.USE_CREDENTIALS
ADDED from [1_Sales_NNN:SalesforceSDK:unspecified] AndroidManifest.xml:16:5-74
	android:name
		ADDED from [1_Sales_NNN:SalesforceSDK:unspecified] AndroidManifest.xml:16:22-71
uses-permission#android.permission.WAKE_LOCK
ADDED from [1_Sales_NNN:SalesforceSDK:unspecified] AndroidManifest.xml:17:5-68
	android:name
		ADDED from [1_Sales_NNN:SalesforceSDK:unspecified] AndroidManifest.xml:17:22-65
uses-permission#android.permission.GET_TASKS
ADDED from [1_Sales_NNN:SalesforceSDK:unspecified] AndroidManifest.xml:18:5-68
	android:name
		ADDED from [1_Sales_NNN:SalesforceSDK:unspecified] AndroidManifest.xml:18:22-65
uses-permission#com.google.android.c2dm.permission.RECEIVE
ADDED from [1_Sales_NNN:SalesforceSDK:unspecified] AndroidManifest.xml:19:5-82
	android:name
		ADDED from [1_Sales_NNN:SalesforceSDK:unspecified] AndroidManifest.xml:19:22-79
service#com.salesforce.androidsdk.auth.AuthenticatorService
ADDED from [1_Sales_NNN:SalesforceSDK:unspecified] AndroidManifest.xml:24:9-34:19
	android:exported
		ADDED from [1_Sales_NNN:SalesforceSDK:unspecified] AndroidManifest.xml:26:13-36
	android:name
		ADDED from [1_Sales_NNN:SalesforceSDK:unspecified] AndroidManifest.xml:25:13-79
intent-filter#android.accounts.AccountAuthenticator
ADDED from [1_Sales_NNN:SalesforceSDK:unspecified] AndroidManifest.xml:27:13-29:29
action#android.accounts.AccountAuthenticator
ADDED from [1_Sales_NNN:SalesforceSDK:unspecified] AndroidManifest.xml:28:17-80
	android:name
		ADDED from [1_Sales_NNN:SalesforceSDK:unspecified] AndroidManifest.xml:28:25-77
meta-data#android.accounts.AccountAuthenticator
ADDED from [1_Sales_NNN:SalesforceSDK:unspecified] AndroidManifest.xml:31:13-33:57
	android:resource
		ADDED from [1_Sales_NNN:SalesforceSDK:unspecified] AndroidManifest.xml:33:17-54
	android:name
		ADDED from [1_Sales_NNN:SalesforceSDK:unspecified] AndroidManifest.xml:32:17-69
activity#com.salesforce.androidsdk.ui.LoginActivity
ADDED from [1_Sales_NNN:SalesforceSDK:unspecified] AndroidManifest.xml:37:9-39:67
	android:theme
		ADDED from [1_Sales_NNN:SalesforceSDK:unspecified] AndroidManifest.xml:39:13-64
	android:name
		ADDED from [1_Sales_NNN:SalesforceSDK:unspecified] AndroidManifest.xml:38:13-70
activity#com.salesforce.androidsdk.ui.PasscodeActivity
ADDED from [1_Sales_NNN:SalesforceSDK:unspecified] AndroidManifest.xml:42:9-44:67
	android:theme
		ADDED from [1_Sales_NNN:SalesforceSDK:unspecified] AndroidManifest.xml:44:13-64
	android:name
		ADDED from [1_Sales_NNN:SalesforceSDK:unspecified] AndroidManifest.xml:43:13-73
activity#com.salesforce.androidsdk.ui.ManageSpaceActivity
ADDED from [1_Sales_NNN:SalesforceSDK:unspecified] AndroidManifest.xml:47:9-50:67
	android:theme
		ADDED from [1_Sales_NNN:SalesforceSDK:unspecified] AndroidManifest.xml:50:13-64
	android:excludeFromRecents
		ADDED from [1_Sales_NNN:SalesforceSDK:unspecified] AndroidManifest.xml:49:13-46
	android:name
		ADDED from [1_Sales_NNN:SalesforceSDK:unspecified] AndroidManifest.xml:48:13-76
activity#com.salesforce.androidsdk.ui.ServerPickerActivity
ADDED from [1_Sales_NNN:SalesforceSDK:unspecified] AndroidManifest.xml:53:9-56:67
	android:theme
		ADDED from [1_Sales_NNN:SalesforceSDK:unspecified] AndroidManifest.xml:56:13-64
	android:excludeFromRecents
		ADDED from [1_Sales_NNN:SalesforceSDK:unspecified] AndroidManifest.xml:55:13-46
	android:name
		ADDED from [1_Sales_NNN:SalesforceSDK:unspecified] AndroidManifest.xml:54:13-77
activity#com.salesforce.androidsdk.ui.AccountSwitcherActivity
ADDED from [1_Sales_NNN:SalesforceSDK:unspecified] AndroidManifest.xml:59:9-62:67
	android:theme
		ADDED from [1_Sales_NNN:SalesforceSDK:unspecified] AndroidManifest.xml:62:13-64
	android:excludeFromRecents
		ADDED from [1_Sales_NNN:SalesforceSDK:unspecified] AndroidManifest.xml:61:13-46
	android:name
		ADDED from [1_Sales_NNN:SalesforceSDK:unspecified] AndroidManifest.xml:60:13-80
receiver#com.salesforce.androidsdk.push.PushBroadcastReceiver
ADDED from [1_Sales_NNN:SalesforceSDK:unspecified] AndroidManifest.xml:68:9-82:20
	android:exported
		ADDED from [1_Sales_NNN:SalesforceSDK:unspecified] AndroidManifest.xml:70:13-36
	android:permission
		ADDED from [1_Sales_NNN:SalesforceSDK:unspecified] AndroidManifest.xml:71:13-73
	android:name
		ADDED from [1_Sales_NNN:SalesforceSDK:unspecified] AndroidManifest.xml:69:13-80
intent-filter#@string/app_package+com.google.android.c2dm.intent.RECEIVE
ADDED from [1_Sales_NNN:SalesforceSDK:unspecified] AndroidManifest.xml:72:13-76:29
action#com.google.android.c2dm.intent.RECEIVE
ADDED from [1_Sales_NNN:SalesforceSDK:unspecified] AndroidManifest.xml:73:17-81
	android:name
		ADDED from [1_Sales_NNN:SalesforceSDK:unspecified] AndroidManifest.xml:73:25-78
category#@string/app_package
ADDED from [1_Sales_NNN:SalesforceSDK:unspecified] AndroidManifest.xml:75:17-64
	android:name
		ADDED from [1_Sales_NNN:SalesforceSDK:unspecified] AndroidManifest.xml:75:27-61
intent-filter#@string/app_package+com.google.android.c2dm.intent.REGISTRATION
ADDED from [1_Sales_NNN:SalesforceSDK:unspecified] AndroidManifest.xml:77:13-81:29
action#com.google.android.c2dm.intent.REGISTRATION
ADDED from [1_Sales_NNN:SalesforceSDK:unspecified] AndroidManifest.xml:78:17-86
	android:name
		ADDED from [1_Sales_NNN:SalesforceSDK:unspecified] AndroidManifest.xml:78:25-83
receiver#com.salesforce.androidsdk.push.PushService$RetryRegistrationAlarmReceiver
ADDED from [1_Sales_NNN:SalesforceSDK:unspecified] AndroidManifest.xml:83:9-85:40
	android:exported
		ADDED from [1_Sales_NNN:SalesforceSDK:unspecified] AndroidManifest.xml:85:13-37
	android:name
		ADDED from [1_Sales_NNN:SalesforceSDK:unspecified] AndroidManifest.xml:84:13-101
receiver#com.salesforce.androidsdk.push.PushService$SFDCRegistrationRetryAlarmReceiver
ADDED from [1_Sales_NNN:SalesforceSDK:unspecified] AndroidManifest.xml:86:9-88:40
	android:exported
		ADDED from [1_Sales_NNN:SalesforceSDK:unspecified] AndroidManifest.xml:88:13-37
	android:name
		ADDED from [1_Sales_NNN:SalesforceSDK:unspecified] AndroidManifest.xml:87:13-105
receiver#com.salesforce.androidsdk.push.PushService$UnregisterRetryAlarmReceiver
ADDED from [1_Sales_NNN:SalesforceSDK:unspecified] AndroidManifest.xml:89:9-91:40
	android:exported
		ADDED from [1_Sales_NNN:SalesforceSDK:unspecified] AndroidManifest.xml:91:13-37
	android:name
		ADDED from [1_Sales_NNN:SalesforceSDK:unspecified] AndroidManifest.xml:90:13-99
service#com.salesforce.androidsdk.push.PushService
ADDED from [1_Sales_NNN:SalesforceSDK:unspecified] AndroidManifest.xml:93:9-95:40
	android:exported
		ADDED from [1_Sales_NNN:SalesforceSDK:unspecified] AndroidManifest.xml:95:13-37
	android:name
		ADDED from [1_Sales_NNN:SalesforceSDK:unspecified] AndroidManifest.xml:94:13-70